<!DOCTYPE html PUBLIC "-//W3C//DTD XHTML 1.1//EN" "http://www.w3.org/TR/xhtml11/DTD/xhtml11.dtd">
<html xmlns="http://www.w3.org/1999/xhtml"><head><title>TestNG Report</title><style type="text/css">table {margin-bottom:10px;border-collapse:collapse;empty-cells:show}th,td {border:1px solid #009;padding:.25em .5em}th {vertical-align:bottom}td {vertical-align:top}table a {font-weight:bold}.stripe td {background-color: #E6EBF9}.num {text-align:right}.passedodd td {background-color: #3F3}.passedeven td {background-color: #0A0}.skippedodd td {background-color: #DDD}.skippedeven td {background-color: #CCC}.failedodd td,.attn {background-color: #F33}.failedeven td,.stripe .attn {background-color: #D00}.stacktrace {white-space:pre;font-family:monospace}.totop {font-size:85%;text-align:center;border-bottom:2px solid #000}</style></head><body><table><tr><th>Test</th><th># Passed</th><th># Skipped</th><th># Failed</th><th>Time (ms)</th><th>Included Groups</th><th>Excluded Groups</th></tr><tr><th colspan="7">TimesJobs Suite</th></tr><tr><th colspan="7">HIRE SIDE TEST CASES</th></tr><tr><td><a href="#t0">Registration</a></td><td class="num">1</td><td class="num">0</td><td class="num">0</td><td class="num">43,292</td><td></td><td></td></tr><tr class="stripe"><td><a href="#t1">account</a></td><td class="num">1</td><td class="num">0</td><td class="num attn">2</td><td class="num">125,461</td><td></td><td></td></tr><tr><td><a href="#t2">wizjob</a></td><td class="num">0</td><td class="num">0</td><td class="num attn">3</td><td class="num">135,800</td><td></td><td></td></tr><tr class="stripe"><td><a href="#t3">search</a></td><td class="num">8</td><td class="num">0</td><td class="num">0</td><td class="num">237,760</td><td></td><td></td></tr><tr><td><a href="#t4">Collaborate</a></td><td class="num">0</td><td class="num">0</td><td class="num attn">4</td><td class="num">236,333</td><td></td><td></td></tr><tr class="stripe"><td><a href="#t5">UsageReport</a></td><td class="num">11</td><td class="num">0</td><td class="num">0</td><td class="num">300,790</td><td></td><td></td></tr><tr><td><a href="#t6">Searchapplicationjob</a></td><td class="num">1</td><td class="num">0</td><td class="num attn">1</td><td class="num">121,809</td><td></td><td></td></tr><tr class="stripe"><td><a href="#t7">SRP</a></td><td class="num">1</td><td class="num">0</td><td class="num attn">7</td><td class="num">282,191</td><td></td><td></td></tr><tr><th>Total</th><th class="num">23</th><th class="num">0</th><th class="num attn">17</th><th class="num">1,483,436</th><th colspan="2"></th></tr></table><table><thead><tr><th>Class</th><th>Method</th><th>Start</th><th>Time (ms)</th></tr></thead><tbody><tr><th colspan="4">TimesJobs Suite</th></tr></tbody><tbody><tr><th colspan="4">HIRE SIDE TEST CASES</th></tr></tbody><tbody id="t0"><tr><th colspan="4">Registration &#8212; passed</th></tr><tr class="passedeven"><td rowspan="1">hireSideAutomation.hireRegistration</td><td><a href="#m0">Registration</a></td><td rowspan="1">1433503121013</td><td rowspan="1">33852</td></tr></tbody><tbody id="t1"><tr><th colspan="4">account &#8212; failed</th></tr><tr class="failedeven"><td rowspan="2">hireSideAutomation.ManageAccountUser</td><td><a href="#m1">CreateUser</a></td><td rowspan="1">1433503163712</td><td rowspan="1">26816</td></tr><tr class="failedeven"><td><a href="#m2">EditUser</a></td><td rowspan="1">1433503199110</td><td rowspan="1">23587</td></tr><tr><th colspan="4">account &#8212; passed</th></tr><tr class="passedeven"><td rowspan="1">hireSideAutomation.ManageAccountUser</td><td><a href="#m3">EditProfile</a></td><td rowspan="1">1433503230952</td><td rowspan="1">49374</td></tr></tbody><tbody id="t2"><tr><th colspan="4">wizjob &#8212; failed</th></tr><tr class="failedeven"><td rowspan="3">hireSideAutomation.EmployerPostingPreviewDraftEdit</td><td><a href="#m4">EditJob</a></td><td rowspan="1">1433503384364</td><td rowspan="1">31731</td></tr><tr class="failedeven"><td><a href="#m5">SaveDraftJob</a></td><td rowspan="1">1433503352618</td><td rowspan="1">31746</td></tr><tr class="failedeven"><td><a href="#m6">previewJob</a></td><td rowspan="1">1433503318875</td><td rowspan="1">33743</td></tr></tbody><tbody id="t3"><tr><th colspan="4">search &#8212; passed</th></tr><tr class="passedeven"><td rowspan="8">hireSideAutomation.hireSearch</td><td><a href="#m7">advanceSearchFunctionalArea</a></td><td rowspan="1">1433503633902</td><td rowspan="1">19843</td></tr><tr class="passedeven"><td><a href="#m8">advanceSearchKeyword</a></td><td rowspan="1">1433503543822</td><td rowspan="1">23025</td></tr><tr class="passedeven"><td><a href="#m9">advanceSearchLocation</a></td><td rowspan="1">1433503575305</td><td rowspan="1">22230</td></tr><tr class="passedeven"><td><a href="#m10">advanceSearchSallary</a></td><td rowspan="1">1433503605805</td><td rowspan="1">19734</td></tr><tr class="passedeven"><td><a href="#m11">quickSearchEasyBoolean</a></td><td rowspan="1">1433503453258</td><td rowspan="1">23353</td></tr><tr class="passedeven"><td><a href="#m12">quickSearchExperience</a></td><td rowspan="1">1433503515116</td><td rowspan="1">19125</td></tr><tr class="passedeven"><td><a href="#m13">quickSearch_keyword</a></td><td rowspan="1">1433503424739</td><td rowspan="1">20405</td></tr><tr class="passedeven"><td><a href="#m14">quickSearchlocations</a></td><td rowspan="1">1433503485848</td><td rowspan="1">21123</td></tr></tbody><tbody id="t4"><tr><th colspan="4">Collaborate &#8212; failed</th></tr><tr class="failedeven"><td rowspan="4">hireSideAutomation.hireCollaborate</td><td><a href="#m15">shareFolder</a></td><td rowspan="1">1433503662093</td><td rowspan="1">70263</td></tr><tr class="failedeven"><td><a href="#m16">shareinbox</a></td><td rowspan="1">1433503741000</td><td rowspan="1">67033</td></tr><tr class="failedeven"><td><a href="#m17">unshareFolder</a></td><td rowspan="1">1433503816225</td><td rowspan="1">18112</td></tr><tr class="failedeven"><td><a href="#m18">unshareinbox</a></td><td rowspan="1">1433503842716</td><td rowspan="1">47549</td></tr></tbody><tbody id="t5"><tr><th colspan="4">UsageReport &#8212; passed</th></tr><tr class="passedeven"><td rowspan="11">hireSideAutomation.HireUsageReport</td><td><a href="#m19">DatabaseUsageReport</a></td><td rowspan="1">1433503981096</td><td rowspan="1">18221</td></tr><tr class="passedeven"><td><a href="#m20">DialBPOJobPostingUsageReport</a></td><td rowspan="1">1433504116311</td><td rowspan="1">18252</td></tr><tr class="passedeven"><td><a href="#m21">DivineIPUsageReport</a></td><td rowspan="1">1433504144456</td><td rowspan="1">17597</td></tr><tr class="passedeven"><td><a href="#m22">JobListingUsagesReport</a></td><td rowspan="1">1433503955183</td><td rowspan="1">18127</td></tr><tr class="passedeven"><td><a href="#m23">LoginReport</a></td><td rowspan="1">1433504007915</td><td rowspan="1">18626</td></tr><tr class="passedeven"><td><a href="#m24">MassMailingUsageReport</a></td><td rowspan="1">1433504171118</td><td rowspan="1">19875</td></tr><tr class="passedeven"><td><a href="#m25">OTPReport</a></td><td rowspan="1">1433503928723</td><td rowspan="1">18533</td></tr><tr class="passedeven"><td><a href="#m26">XpressHireSMSUsageReport</a></td><td rowspan="1">1433504035482</td><td rowspan="1">19313</td></tr><tr class="passedeven"><td><a href="#m27">XpressHireSMSUsageReportNEW</a></td><td rowspan="1">1433503901889</td><td rowspan="1">18346</td></tr><tr class="passedeven"><td><a href="#m28">XpressHirewithSMSContact</a></td><td rowspan="1">1433504062706</td><td rowspan="1">18314</td></tr><tr class="passedeven"><td><a href="#m29">XpressHirewithSMSInbox</a></td><td rowspan="1">1433504088994</td><td rowspan="1">19141</td></tr></tbody><tbody id="t6"><tr><th colspan="4">Searchapplicationjob &#8212; failed</th></tr><tr class="failedeven"><td rowspan="1">hireSideAutomation.searchApplication</td><td><a href="#m30">searchApplicationwithkeyskill</a></td><td rowspan="1">1433504226877</td><td rowspan="1">86377</td></tr><tr><th colspan="4">Searchapplicationjob &#8212; passed</th></tr><tr class="passedeven"><td rowspan="1">hireSideAutomation.searchApplication</td><td><a href="#m31">searchApplicationwithActivejob</a></td><td rowspan="1">1433504199387</td><td rowspan="1">18939</td></tr></tbody><tbody id="t7"><tr><th colspan="4">SRP &#8212; failed</th></tr><tr class="failedeven"><td rowspan="7">hireSideAutomation.SearchResultPage</td><td><a href="#m32">AddComment</a></td><td rowspan="1">1433504444467</td><td rowspan="1">30030</td></tr><tr class="failedeven"><td><a href="#m33">DeleteJob</a></td><td rowspan="1">1433504414422</td><td rowspan="1">30045</td></tr><tr class="failedeven"><td><a href="#m34">SavewithOFF</a></td><td rowspan="1">1433504534651</td><td rowspan="1">30139</td></tr><tr class="failedeven"><td><a href="#m35">SavewithON</a></td><td rowspan="1">1433504504574</td><td rowspan="1">30077</td></tr><tr class="failedeven"><td><a href="#m36">SendEmail</a></td><td rowspan="1">1433504359947</td><td rowspan="1">54475</td></tr><tr class="failedeven"><td><a href="#m37">Shortlist</a></td><td rowspan="1">1433504474497</td><td rowspan="1">30077</td></tr><tr class="failedeven"><td><a href="#m38">viewResume</a></td><td rowspan="1">1433504564790</td><td rowspan="1">30030</td></tr><tr><th colspan="4">SRP &#8212; passed</th></tr><tr class="passedeven"><td rowspan="1">hireSideAutomation.SearchResultPage</td><td><a href="#m39">SendJobasEmail</a></td><td rowspan="1">1433504334706</td><td rowspan="1">25241</td></tr></tbody></table><h2>Registration</h2><h3 id="m0">hireSideAutomation.hireRegistration#Registration</h3><table class="result"></table><p class="totop"><a href="#summary">back to summary</a></p><h2>account</h2><h3 id="m1">hireSideAutomation.ManageAccountUser#CreateUser</h3><table class="result"><tr><th>Exception</th></tr><tr><td><div class="stacktrace">org.openqa.selenium.UnhandledAlertException: Modal dialog present: Please select the Industry.
Build info: version: &apos;2.44.0&apos;, revision: &apos;76d78cf&apos;, time: &apos;2014-10-23 20:02:37&apos;
System info: host: &apos;NODTBSD181AG&apos;, ip: &apos;10.150.241.67&apos;, os.name: &apos;Windows Vista&apos;, os.arch: &apos;x86&apos;, os.version: &apos;6.1&apos;, java.version: &apos;1.6.0&apos;
Session ID: 9d079d31-9bfa-46e6-b119-defa884763b4
Driver info: org.openqa.selenium.firefox.FirefoxDriver
Capabilities [{platform=WINDOWS, acceptSslCerts=true, javascriptEnabled=true, browserName=firefox, rotatable=false, locationContextEnabled=true, version=33.0, cssSelectorsEnabled=true, databaseEnabled=true, handlesAlerts=true, nativeEvents=true, webStorageEnabled=true, applicationCacheEnabled=true, takesScreenshot=true}]
	at org.openqa.selenium.remote.ErrorHandler.createThrowable(ErrorHandler.java:204)
	at org.openqa.selenium.remote.ErrorHandler.createUnhandledAlertException(ErrorHandler.java:185)
	at org.openqa.selenium.remote.ErrorHandler.throwIfResponseFailed(ErrorHandler.java:152)
	at org.openqa.selenium.remote.RemoteWebDriver.execute(RemoteWebDriver.java:599)
	at org.openqa.selenium.remote.RemoteWebDriver.findElement(RemoteWebDriver.java:352)
	at org.openqa.selenium.remote.RemoteWebDriver.findElementById(RemoteWebDriver.java:393)
	at org.openqa.selenium.By$ById.findElement(By.java:214)
	at org.openqa.selenium.remote.RemoteWebDriver.findElement(RemoteWebDriver.java:344)
	at hireSideAutomation.ManageAccountUser.CreateUser(Unknown Source)
... Removed 28 stack frames</div></td></tr></table><p class="totop"><a href="#summary">back to summary</a></p><h3 id="m2">hireSideAutomation.ManageAccountUser#EditUser</h3><table class="result"><tr><th>Exception</th></tr><tr><td><div class="stacktrace">org.openqa.selenium.UnhandledAlertException: Modal dialog present: Please Select Licenses.
Build info: version: &apos;2.44.0&apos;, revision: &apos;76d78cf&apos;, time: &apos;2014-10-23 20:02:37&apos;
System info: host: &apos;NODTBSD181AG&apos;, ip: &apos;10.150.241.67&apos;, os.name: &apos;Windows Vista&apos;, os.arch: &apos;x86&apos;, os.version: &apos;6.1&apos;, java.version: &apos;1.6.0&apos;
Session ID: e05feaf8-e5af-41e6-9003-e03ddc82214c
Driver info: org.openqa.selenium.firefox.FirefoxDriver
Capabilities [{platform=WINDOWS, acceptSslCerts=true, javascriptEnabled=true, browserName=firefox, rotatable=false, locationContextEnabled=true, version=33.0, cssSelectorsEnabled=true, databaseEnabled=true, handlesAlerts=true, nativeEvents=true, webStorageEnabled=true, applicationCacheEnabled=true, takesScreenshot=true}]
	at org.openqa.selenium.remote.ErrorHandler.createThrowable(ErrorHandler.java:204)
	at org.openqa.selenium.remote.ErrorHandler.createUnhandledAlertException(ErrorHandler.java:185)
	at org.openqa.selenium.remote.ErrorHandler.throwIfResponseFailed(ErrorHandler.java:152)
	at org.openqa.selenium.remote.RemoteWebDriver.execute(RemoteWebDriver.java:599)
	at org.openqa.selenium.remote.RemoteWebDriver.findElement(RemoteWebDriver.java:352)
	at org.openqa.selenium.remote.RemoteWebDriver.findElementById(RemoteWebDriver.java:393)
	at org.openqa.selenium.By$ById.findElement(By.java:214)
	at org.openqa.selenium.remote.RemoteWebDriver.findElement(RemoteWebDriver.java:344)
	at hireSideAutomation.ManageAccountUser.EditUser(Unknown Source)
... Removed 28 stack frames</div></td></tr></table><p class="totop"><a href="#summary">back to summary</a></p><h3 id="m3">hireSideAutomation.ManageAccountUser#EditProfile</h3><table class="result"></table><p class="totop"><a href="#summary">back to summary</a></p><h2>wizjob</h2><h3 id="m4">hireSideAutomation.EmployerPostingPreviewDraftEdit#EditJob</h3><table class="result"><tr><th>Exception</th></tr><tr><td><div class="stacktrace">org.openqa.selenium.UnhandledAlertException: Modal dialog present: You can only select a maximum of 1 Location 
Build info: version: &apos;2.44.0&apos;, revision: &apos;76d78cf&apos;, time: &apos;2014-10-23 20:02:37&apos;
System info: host: &apos;NODTBSD181AG&apos;, ip: &apos;10.150.241.67&apos;, os.name: &apos;Windows Vista&apos;, os.arch: &apos;x86&apos;, os.version: &apos;6.1&apos;, java.version: &apos;1.6.0&apos;
Session ID: 4410bb93-8d52-4145-a05a-415dd03a79af
Driver info: org.openqa.selenium.firefox.FirefoxDriver
Capabilities [{platform=WINDOWS, acceptSslCerts=true, javascriptEnabled=true, browserName=firefox, rotatable=false, locationContextEnabled=true, version=33.0, cssSelectorsEnabled=true, databaseEnabled=true, handlesAlerts=true, nativeEvents=true, webStorageEnabled=true, applicationCacheEnabled=true, takesScreenshot=true}]
	at org.openqa.selenium.remote.ErrorHandler.createThrowable(ErrorHandler.java:204)
	at org.openqa.selenium.remote.ErrorHandler.createUnhandledAlertException(ErrorHandler.java:185)
	at org.openqa.selenium.remote.ErrorHandler.throwIfResponseFailed(ErrorHandler.java:152)
	at org.openqa.selenium.remote.RemoteWebDriver.execute(RemoteWebDriver.java:599)
	at org.openqa.selenium.remote.RemoteWebDriver.findElement(RemoteWebDriver.java:352)
	at org.openqa.selenium.remote.RemoteWebDriver.findElementById(RemoteWebDriver.java:393)
	at org.openqa.selenium.By$ById.findElement(By.java:214)
	at org.openqa.selenium.remote.RemoteWebDriver.findElement(RemoteWebDriver.java:344)
	at hireSideAutomation.hireBaseFunctions.JobPostingFormFill(Unknown Source)
	at hireSideAutomation.EmployerPostingPreviewDraftEdit.postJob(Unknown Source)
	at hireSideAutomation.EmployerPostingPreviewDraftEdit.EditJob(Unknown Source)
... Removed 28 stack frames</div></td></tr></table><p class="totop"><a href="#summary">back to summary</a></p><h3 id="m5">hireSideAutomation.EmployerPostingPreviewDraftEdit#SaveDraftJob</h3><table class="result"><tr><th>Exception</th></tr><tr><td><div class="stacktrace">org.openqa.selenium.UnhandledAlertException: Modal dialog present: You can only select a maximum of 1 Location 
Build info: version: &apos;2.44.0&apos;, revision: &apos;76d78cf&apos;, time: &apos;2014-10-23 20:02:37&apos;
System info: host: &apos;NODTBSD181AG&apos;, ip: &apos;10.150.241.67&apos;, os.name: &apos;Windows Vista&apos;, os.arch: &apos;x86&apos;, os.version: &apos;6.1&apos;, java.version: &apos;1.6.0&apos;
Session ID: 4410bb93-8d52-4145-a05a-415dd03a79af
Driver info: org.openqa.selenium.firefox.FirefoxDriver
Capabilities [{platform=WINDOWS, acceptSslCerts=true, javascriptEnabled=true, browserName=firefox, rotatable=false, locationContextEnabled=true, version=33.0, cssSelectorsEnabled=true, databaseEnabled=true, handlesAlerts=true, nativeEvents=true, webStorageEnabled=true, applicationCacheEnabled=true, takesScreenshot=true}]
	at org.openqa.selenium.remote.ErrorHandler.createThrowable(ErrorHandler.java:204)
	at org.openqa.selenium.remote.ErrorHandler.createUnhandledAlertException(ErrorHandler.java:185)
	at org.openqa.selenium.remote.ErrorHandler.throwIfResponseFailed(ErrorHandler.java:152)
	at org.openqa.selenium.remote.RemoteWebDriver.execute(RemoteWebDriver.java:599)
	at org.openqa.selenium.remote.RemoteWebDriver.findElement(RemoteWebDriver.java:352)
	at org.openqa.selenium.remote.RemoteWebDriver.findElementById(RemoteWebDriver.java:393)
	at org.openqa.selenium.By$ById.findElement(By.java:214)
	at org.openqa.selenium.remote.RemoteWebDriver.findElement(RemoteWebDriver.java:344)
	at hireSideAutomation.hireBaseFunctions.JobPostingFormFill(Unknown Source)
	at hireSideAutomation.EmployerPostingPreviewDraftEdit.SaveDraftJob(Unknown Source)
... Removed 28 stack frames</div></td></tr></table><p class="totop"><a href="#summary">back to summary</a></p><h3 id="m6">hireSideAutomation.EmployerPostingPreviewDraftEdit#previewJob</h3><table class="result"><tr><th>Exception</th></tr><tr><td><div class="stacktrace">org.openqa.selenium.UnhandledAlertException: Modal dialog present: You can only select a maximum of 1 Location 
Build info: version: &apos;2.44.0&apos;, revision: &apos;76d78cf&apos;, time: &apos;2014-10-23 20:02:37&apos;
System info: host: &apos;NODTBSD181AG&apos;, ip: &apos;10.150.241.67&apos;, os.name: &apos;Windows Vista&apos;, os.arch: &apos;x86&apos;, os.version: &apos;6.1&apos;, java.version: &apos;1.6.0&apos;
Session ID: 4410bb93-8d52-4145-a05a-415dd03a79af
Driver info: org.openqa.selenium.firefox.FirefoxDriver
Capabilities [{platform=WINDOWS, acceptSslCerts=true, javascriptEnabled=true, browserName=firefox, rotatable=false, locationContextEnabled=true, version=33.0, cssSelectorsEnabled=true, databaseEnabled=true, handlesAlerts=true, nativeEvents=true, webStorageEnabled=true, applicationCacheEnabled=true, takesScreenshot=true}]
	at org.openqa.selenium.remote.ErrorHandler.createThrowable(ErrorHandler.java:204)
	at org.openqa.selenium.remote.ErrorHandler.createUnhandledAlertException(ErrorHandler.java:185)
	at org.openqa.selenium.remote.ErrorHandler.throwIfResponseFailed(ErrorHandler.java:152)
	at org.openqa.selenium.remote.RemoteWebDriver.execute(RemoteWebDriver.java:599)
	at org.openqa.selenium.remote.RemoteWebDriver.findElement(RemoteWebDriver.java:352)
	at org.openqa.selenium.remote.RemoteWebDriver.findElementById(RemoteWebDriver.java:393)
	at org.openqa.selenium.By$ById.findElement(By.java:214)
	at org.openqa.selenium.remote.RemoteWebDriver.findElement(RemoteWebDriver.java:344)
	at hireSideAutomation.hireBaseFunctions.JobPostingFormFill(Unknown Source)
	at hireSideAutomation.EmployerPostingPreviewDraftEdit.previewJob(Unknown Source)
... Removed 28 stack frames</div></td></tr></table><p class="totop"><a href="#summary">back to summary</a></p><h2>search</h2><h3 id="m7">hireSideAutomation.hireSearch#advanceSearchFunctionalArea</h3><table class="result"></table><p class="totop"><a href="#summary">back to summary</a></p><h3 id="m8">hireSideAutomation.hireSearch#advanceSearchKeyword</h3><table class="result"></table><p class="totop"><a href="#summary">back to summary</a></p><h3 id="m9">hireSideAutomation.hireSearch#advanceSearchLocation</h3><table class="result"></table><p class="totop"><a href="#summary">back to summary</a></p><h3 id="m10">hireSideAutomation.hireSearch#advanceSearchSallary</h3><table class="result"></table><p class="totop"><a href="#summary">back to summary</a></p><h3 id="m11">hireSideAutomation.hireSearch#quickSearchEasyBoolean</h3><table class="result"></table><p class="totop"><a href="#summary">back to summary</a></p><h3 id="m12">hireSideAutomation.hireSearch#quickSearchExperience</h3><table class="result"></table><p class="totop"><a href="#summary">back to summary</a></p><h3 id="m13">hireSideAutomation.hireSearch#quickSearch_keyword</h3><table class="result"></table><p class="totop"><a href="#summary">back to summary</a></p><h3 id="m14">hireSideAutomation.hireSearch#quickSearchlocations</h3><table class="result"></table><p class="totop"><a href="#summary">back to summary</a></p><h2>Collaborate</h2><h3 id="m15">hireSideAutomation.hireCollaborate#shareFolder</h3><table class="result"><tr><th>Exception</th></tr><tr><td><div class="stacktrace">org.openqa.selenium.NoSuchElementException: Unable to locate element: {&quot;method&quot;:&quot;xpath&quot;,&quot;selector&quot;:&quot;html/body/div[1]/div[1]/div[2]/div[1]/div[4]/div/div[1]/div[2]/b&quot;}
Command duration or timeout: 31.47 seconds
For documentation on this error, please visit: http://seleniumhq.org/exceptions/no_such_element.html
Build info: version: &apos;2.44.0&apos;, revision: &apos;76d78cf&apos;, time: &apos;2014-10-23 20:02:37&apos;
System info: host: &apos;NODTBSD181AG&apos;, ip: &apos;10.150.241.67&apos;, os.name: &apos;Windows Vista&apos;, os.arch: &apos;x86&apos;, os.version: &apos;6.1&apos;, java.version: &apos;1.6.0&apos;
Session ID: d093b76e-bf2c-4a58-a851-c96e98516590
Driver info: org.openqa.selenium.firefox.FirefoxDriver
Capabilities [{platform=WINDOWS, acceptSslCerts=true, javascriptEnabled=true, browserName=firefox, rotatable=false, locationContextEnabled=true, version=33.0, cssSelectorsEnabled=true, databaseEnabled=true, handlesAlerts=true, nativeEvents=true, webStorageEnabled=true, applicationCacheEnabled=true, takesScreenshot=true}]
	at org.openqa.selenium.remote.ErrorHandler.createThrowable(ErrorHandler.java:204)
	at org.openqa.selenium.remote.ErrorHandler.throwIfResponseFailed(ErrorHandler.java:156)
	at org.openqa.selenium.remote.RemoteWebDriver.execute(RemoteWebDriver.java:599)
	at org.openqa.selenium.remote.RemoteWebDriver.findElement(RemoteWebDriver.java:352)
	at org.openqa.selenium.remote.RemoteWebDriver.findElementByXPath(RemoteWebDriver.java:449)
	at org.openqa.selenium.By$ByXPath.findElement(By.java:357)
	at org.openqa.selenium.remote.RemoteWebDriver.findElement(RemoteWebDriver.java:344)
	at hireSideAutomation.hireCollaborate.shareFolder(Unknown Source)
Caused by: org.openqa.selenium.NoSuchElementException: Unable to locate element: {&quot;method&quot;:&quot;xpath&quot;,&quot;selector&quot;:&quot;html/body/div[1]/div[1]/div[2]/div[1]/div[4]/div/div[1]/div[2]/b&quot;}
For documentation on this error, please visit: http://seleniumhq.org/exceptions/no_such_element.html
Build info: version: &apos;2.44.0&apos;, revision: &apos;76d78cf&apos;, time: &apos;2014-10-23 20:02:37&apos;
System info: host: &apos;NODTBSD181AG&apos;, ip: &apos;10.150.241.67&apos;, os.name: &apos;Windows Vista&apos;, os.arch: &apos;x86&apos;, os.version: &apos;6.1&apos;, java.version: &apos;1.6.0&apos;
Driver info: driver.version: unknown
	at &lt;anonymous class&gt;.FirefoxDriver.prototype.findElementInternal_(file:///C:/Users/DEEPSH~1/AppData/Local/Temp/anonymous4729webdriver-profile/extensions/fxdriver@googlecode.com/components/driver-component.js:9641:26)
	at &lt;anonymous class&gt;.fxdriver.Timer.prototype.setTimeout/&lt;.notify(file:///C:/Users/DEEPSH~1/AppData/Local/Temp/anonymous4729webdriver-profile/extensions/fxdriver@googlecode.com/components/driver-component.js:548:5)
... Removed 28 stack frames</div></td></tr></table><p class="totop"><a href="#summary">back to summary</a></p><h3 id="m16">hireSideAutomation.hireCollaborate#shareinbox</h3><table class="result"><tr><th>Exception</th></tr><tr><td><div class="stacktrace">org.openqa.selenium.NoSuchElementException: Unable to locate element: {&quot;method&quot;:&quot;xpath&quot;,&quot;selector&quot;:&quot;html/body/div[1]/div[1]/div[2]/div[4]/div[2]/div/ul/li[1]/b/span&quot;}
Command duration or timeout: 30.54 seconds
For documentation on this error, please visit: http://seleniumhq.org/exceptions/no_such_element.html
Build info: version: &apos;2.44.0&apos;, revision: &apos;76d78cf&apos;, time: &apos;2014-10-23 20:02:37&apos;
System info: host: &apos;NODTBSD181AG&apos;, ip: &apos;10.150.241.67&apos;, os.name: &apos;Windows Vista&apos;, os.arch: &apos;x86&apos;, os.version: &apos;6.1&apos;, java.version: &apos;1.6.0&apos;
Session ID: 71180754-6482-40f0-90dd-a273ca04e5fe
Driver info: org.openqa.selenium.firefox.FirefoxDriver
Capabilities [{platform=WINDOWS, acceptSslCerts=true, javascriptEnabled=true, browserName=firefox, rotatable=false, locationContextEnabled=true, version=33.0, cssSelectorsEnabled=true, databaseEnabled=true, handlesAlerts=true, nativeEvents=true, webStorageEnabled=true, applicationCacheEnabled=true, takesScreenshot=true}]
	at org.openqa.selenium.remote.ErrorHandler.createThrowable(ErrorHandler.java:204)
	at org.openqa.selenium.remote.ErrorHandler.throwIfResponseFailed(ErrorHandler.java:156)
	at org.openqa.selenium.remote.RemoteWebDriver.execute(RemoteWebDriver.java:599)
	at org.openqa.selenium.remote.RemoteWebDriver.findElement(RemoteWebDriver.java:352)
	at org.openqa.selenium.remote.RemoteWebDriver.findElementByXPath(RemoteWebDriver.java:449)
	at org.openqa.selenium.By$ByXPath.findElement(By.java:357)
	at org.openqa.selenium.remote.RemoteWebDriver.findElement(RemoteWebDriver.java:344)
	at hireSideAutomation.hireCollaborate.shareinbox(Unknown Source)
Caused by: org.openqa.selenium.NoSuchElementException: Unable to locate element: {&quot;method&quot;:&quot;xpath&quot;,&quot;selector&quot;:&quot;html/body/div[1]/div[1]/div[2]/div[4]/div[2]/div/ul/li[1]/b/span&quot;}
For documentation on this error, please visit: http://seleniumhq.org/exceptions/no_such_element.html
Build info: version: &apos;2.44.0&apos;, revision: &apos;76d78cf&apos;, time: &apos;2014-10-23 20:02:37&apos;
System info: host: &apos;NODTBSD181AG&apos;, ip: &apos;10.150.241.67&apos;, os.name: &apos;Windows Vista&apos;, os.arch: &apos;x86&apos;, os.version: &apos;6.1&apos;, java.version: &apos;1.6.0&apos;
Driver info: driver.version: unknown
	at &lt;anonymous class&gt;.FirefoxDriver.prototype.findElementInternal_(file:///C:/Users/DEEPSH~1/AppData/Local/Temp/anonymous4731webdriver-profile/extensions/fxdriver@googlecode.com/components/driver-component.js:9641:26)
	at &lt;anonymous class&gt;.fxdriver.Timer.prototype.setTimeout/&lt;.notify(file:///C:/Users/DEEPSH~1/AppData/Local/Temp/anonymous4731webdriver-profile/extensions/fxdriver@googlecode.com/components/driver-component.js:548:5)
... Removed 28 stack frames</div></td></tr></table><p class="totop"><a href="#summary">back to summary</a></p><h3 id="m17">hireSideAutomation.hireCollaborate#unshareFolder</h3><table class="result"><tr><th>Exception</th></tr><tr><td><div class="stacktrace">org.openqa.selenium.UnhandledAlertException: Modal dialog present: Your Account does not have any Account User. Please create an Account User to share this Folder
Build info: version: &apos;2.44.0&apos;, revision: &apos;76d78cf&apos;, time: &apos;2014-10-23 20:02:37&apos;
System info: host: &apos;NODTBSD181AG&apos;, ip: &apos;10.150.241.67&apos;, os.name: &apos;Windows Vista&apos;, os.arch: &apos;x86&apos;, os.version: &apos;6.1&apos;, java.version: &apos;1.6.0&apos;
Session ID: 03fd600e-ea57-48bb-b667-9575f4563114
Driver info: org.openqa.selenium.firefox.FirefoxDriver
Capabilities [{platform=WINDOWS, acceptSslCerts=true, javascriptEnabled=true, browserName=firefox, rotatable=false, locationContextEnabled=true, version=33.0, cssSelectorsEnabled=true, databaseEnabled=true, handlesAlerts=true, nativeEvents=true, webStorageEnabled=true, applicationCacheEnabled=true, takesScreenshot=true}]
	at org.openqa.selenium.remote.ErrorHandler.createThrowable(ErrorHandler.java:204)
	at org.openqa.selenium.remote.ErrorHandler.createUnhandledAlertException(ErrorHandler.java:185)
	at org.openqa.selenium.remote.ErrorHandler.throwIfResponseFailed(ErrorHandler.java:152)
	at org.openqa.selenium.remote.RemoteWebDriver.execute(RemoteWebDriver.java:599)
	at org.openqa.selenium.remote.RemoteWebDriver.findElement(RemoteWebDriver.java:352)
	at org.openqa.selenium.remote.RemoteWebDriver.findElementByXPath(RemoteWebDriver.java:449)
	at org.openqa.selenium.By$ByXPath.findElement(By.java:357)
	at org.openqa.selenium.remote.RemoteWebDriver.findElement(RemoteWebDriver.java:344)
	at hireSideAutomation.hireCollaborate.unshareFolder(Unknown Source)
... Removed 28 stack frames</div></td></tr></table><p class="totop"><a href="#summary">back to summary</a></p><h3 id="m18">hireSideAutomation.hireCollaborate#unshareinbox</h3><table class="result"><tr><th>Exception</th></tr><tr><td><div class="stacktrace">org.openqa.selenium.NoSuchElementException: Unable to locate element: {&quot;method&quot;:&quot;xpath&quot;,&quot;selector&quot;:&quot;//*[@id=&apos;shareInbox&apos;]/table/tbody/tr/td/table/tbody/tr[3]/td[1]/div/input&quot;}
Command duration or timeout: 30.03 seconds
For documentation on this error, please visit: http://seleniumhq.org/exceptions/no_such_element.html
Build info: version: &apos;2.44.0&apos;, revision: &apos;76d78cf&apos;, time: &apos;2014-10-23 20:02:37&apos;
System info: host: &apos;NODTBSD181AG&apos;, ip: &apos;10.150.241.67&apos;, os.name: &apos;Windows Vista&apos;, os.arch: &apos;x86&apos;, os.version: &apos;6.1&apos;, java.version: &apos;1.6.0&apos;
Session ID: 4ab1dff0-69ab-4c7c-be07-67b1dddf8faa
Driver info: org.openqa.selenium.firefox.FirefoxDriver
Capabilities [{platform=WINDOWS, acceptSslCerts=true, javascriptEnabled=true, browserName=firefox, rotatable=false, locationContextEnabled=true, version=33.0, cssSelectorsEnabled=true, databaseEnabled=true, handlesAlerts=true, nativeEvents=true, webStorageEnabled=true, applicationCacheEnabled=true, takesScreenshot=true}]
	at org.openqa.selenium.remote.ErrorHandler.createThrowable(ErrorHandler.java:204)
	at org.openqa.selenium.remote.ErrorHandler.throwIfResponseFailed(ErrorHandler.java:156)
	at org.openqa.selenium.remote.RemoteWebDriver.execute(RemoteWebDriver.java:599)
	at org.openqa.selenium.remote.RemoteWebDriver.findElement(RemoteWebDriver.java:352)
	at org.openqa.selenium.remote.RemoteWebDriver.findElementByXPath(RemoteWebDriver.java:449)
	at org.openqa.selenium.By$ByXPath.findElement(By.java:357)
	at org.openqa.selenium.remote.RemoteWebDriver.findElement(RemoteWebDriver.java:344)
	at hireSideAutomation.hireCollaborate.unshareinbox(Unknown Source)
Caused by: org.openqa.selenium.NoSuchElementException: Unable to locate element: {&quot;method&quot;:&quot;xpath&quot;,&quot;selector&quot;:&quot;//*[@id=&apos;shareInbox&apos;]/table/tbody/tr/td/table/tbody/tr[3]/td[1]/div/input&quot;}
For documentation on this error, please visit: http://seleniumhq.org/exceptions/no_such_element.html
Build info: version: &apos;2.44.0&apos;, revision: &apos;76d78cf&apos;, time: &apos;2014-10-23 20:02:37&apos;
System info: host: &apos;NODTBSD181AG&apos;, ip: &apos;10.150.241.67&apos;, os.name: &apos;Windows Vista&apos;, os.arch: &apos;x86&apos;, os.version: &apos;6.1&apos;, java.version: &apos;1.6.0&apos;
Driver info: driver.version: unknown
	at &lt;anonymous class&gt;.FirefoxDriver.prototype.findElementInternal_(file:///C:/Users/DEEPSH~1/AppData/Local/Temp/anonymous4735webdriver-profile/extensions/fxdriver@googlecode.com/components/driver-component.js:9641:26)
	at &lt;anonymous class&gt;.fxdriver.Timer.prototype.setTimeout/&lt;.notify(file:///C:/Users/DEEPSH~1/AppData/Local/Temp/anonymous4735webdriver-profile/extensions/fxdriver@googlecode.com/components/driver-component.js:548:5)
... Removed 28 stack frames</div></td></tr></table><p class="totop"><a href="#summary">back to summary</a></p><h2>UsageReport</h2><h3 id="m19">hireSideAutomation.HireUsageReport#DatabaseUsageReport</h3><table class="result"></table><p class="totop"><a href="#summary">back to summary</a></p><h3 id="m20">hireSideAutomation.HireUsageReport#DialBPOJobPostingUsageReport</h3><table class="result"></table><p class="totop"><a href="#summary">back to summary</a></p><h3 id="m21">hireSideAutomation.HireUsageReport#DivineIPUsageReport</h3><table class="result"></table><p class="totop"><a href="#summary">back to summary</a></p><h3 id="m22">hireSideAutomation.HireUsageReport#JobListingUsagesReport</h3><table class="result"></table><p class="totop"><a href="#summary">back to summary</a></p><h3 id="m23">hireSideAutomation.HireUsageReport#LoginReport</h3><table class="result"></table><p class="totop"><a href="#summary">back to summary</a></p><h3 id="m24">hireSideAutomation.HireUsageReport#MassMailingUsageReport</h3><table class="result"></table><p class="totop"><a href="#summary">back to summary</a></p><h3 id="m25">hireSideAutomation.HireUsageReport#OTPReport</h3><table class="result"></table><p class="totop"><a href="#summary">back to summary</a></p><h3 id="m26">hireSideAutomation.HireUsageReport#XpressHireSMSUsageReport</h3><table class="result"></table><p class="totop"><a href="#summary">back to summary</a></p><h3 id="m27">hireSideAutomation.HireUsageReport#XpressHireSMSUsageReportNEW</h3><table class="result"></table><p class="totop"><a href="#summary">back to summary</a></p><h3 id="m28">hireSideAutomation.HireUsageReport#XpressHirewithSMSContact</h3><table class="result"></table><p class="totop"><a href="#summary">back to summary</a></p><h3 id="m29">hireSideAutomation.HireUsageReport#XpressHirewithSMSInbox</h3><table class="result"></table><p class="totop"><a href="#summary">back to summary</a></p><h2>Searchapplicationjob</h2><h3 id="m30">hireSideAutomation.searchApplication#searchApplicationwithkeyskill</h3><table class="result"><tr><th>Exception</th></tr><tr><td><div class="stacktrace">java.lang.IndexOutOfBoundsException: Index: 2, Size: 0
	at java.util.ArrayList.RangeCheck(ArrayList.java:547)
	at java.util.ArrayList.get(ArrayList.java:322)
	at hireSideAutomation.searchApplication.searchApplicationwithkeyskill(Unknown Source)
... Removed 24 stack frames</div></td></tr></table><p class="totop"><a href="#summary">back to summary</a></p><h3 id="m31">hireSideAutomation.searchApplication#searchApplicationwithActivejob</h3><table class="result"></table><p class="totop"><a href="#summary">back to summary</a></p><h2>SRP</h2><h3 id="m32">hireSideAutomation.SearchResultPage#AddComment</h3><table class="result"><tr><th>Exception</th></tr><tr><td><div class="stacktrace">org.openqa.selenium.NoSuchElementException: Unable to locate element: {&quot;method&quot;:&quot;xpath&quot;,&quot;selector&quot;:&quot;//li[@id=&apos;maintab_searchCand&apos;]//a&quot;}
Command duration or timeout: 30.03 seconds
For documentation on this error, please visit: http://seleniumhq.org/exceptions/no_such_element.html
Build info: version: &apos;2.44.0&apos;, revision: &apos;76d78cf&apos;, time: &apos;2014-10-23 20:02:37&apos;
System info: host: &apos;NODTBSD181AG&apos;, ip: &apos;10.150.241.67&apos;, os.name: &apos;Windows Vista&apos;, os.arch: &apos;x86&apos;, os.version: &apos;6.1&apos;, java.version: &apos;1.6.0&apos;
Session ID: 60d31dfe-0604-4a6a-929a-8a1267e0dba2
Driver info: org.openqa.selenium.firefox.FirefoxDriver
Capabilities [{platform=WINDOWS, acceptSslCerts=true, javascriptEnabled=true, browserName=firefox, rotatable=false, locationContextEnabled=true, version=33.0, cssSelectorsEnabled=true, databaseEnabled=true, handlesAlerts=true, nativeEvents=true, webStorageEnabled=true, applicationCacheEnabled=true, takesScreenshot=true}]
	at org.openqa.selenium.remote.ErrorHandler.createThrowable(ErrorHandler.java:204)
	at org.openqa.selenium.remote.ErrorHandler.throwIfResponseFailed(ErrorHandler.java:156)
	at org.openqa.selenium.remote.RemoteWebDriver.execute(RemoteWebDriver.java:599)
	at org.openqa.selenium.remote.RemoteWebDriver.findElement(RemoteWebDriver.java:352)
	at org.openqa.selenium.remote.RemoteWebDriver.findElementByXPath(RemoteWebDriver.java:449)
	at org.openqa.selenium.By$ByXPath.findElement(By.java:357)
	at org.openqa.selenium.remote.RemoteWebDriver.findElement(RemoteWebDriver.java:344)
	at hireSideAutomation.hireBaseFunctions.Search(Unknown Source)
	at hireSideAutomation.SearchResultPage.AddComment(Unknown Source)
Caused by: org.openqa.selenium.NoSuchElementException: Unable to locate element: {&quot;method&quot;:&quot;xpath&quot;,&quot;selector&quot;:&quot;//li[@id=&apos;maintab_searchCand&apos;]//a&quot;}
For documentation on this error, please visit: http://seleniumhq.org/exceptions/no_such_element.html
Build info: version: &apos;2.44.0&apos;, revision: &apos;76d78cf&apos;, time: &apos;2014-10-23 20:02:37&apos;
System info: host: &apos;NODTBSD181AG&apos;, ip: &apos;10.150.241.67&apos;, os.name: &apos;Windows Vista&apos;, os.arch: &apos;x86&apos;, os.version: &apos;6.1&apos;, java.version: &apos;1.6.0&apos;
Driver info: driver.version: unknown
	at &lt;anonymous class&gt;.FirefoxDriver.prototype.findElementInternal_(file:///C:/Users/DEEPSH~1/AppData/Local/Temp/anonymous4774webdriver-profile/extensions/fxdriver@googlecode.com/components/driver-component.js:9641:26)
	at &lt;anonymous class&gt;.fxdriver.Timer.prototype.setTimeout/&lt;.notify(file:///C:/Users/DEEPSH~1/AppData/Local/Temp/anonymous4774webdriver-profile/extensions/fxdriver@googlecode.com/components/driver-component.js:548:5)
... Removed 28 stack frames</div></td></tr></table><p class="totop"><a href="#summary">back to summary</a></p><h3 id="m33">hireSideAutomation.SearchResultPage#DeleteJob</h3><table class="result"><tr><th>Exception</th></tr><tr><td><div class="stacktrace">org.openqa.selenium.NoSuchElementException: Unable to locate element: {&quot;method&quot;:&quot;css selector&quot;,&quot;selector&quot;:&quot;#maintab_postJobs &gt; a &gt; b&quot;}
Command duration or timeout: 30.05 seconds
For documentation on this error, please visit: http://seleniumhq.org/exceptions/no_such_element.html
Build info: version: &apos;2.44.0&apos;, revision: &apos;76d78cf&apos;, time: &apos;2014-10-23 20:02:37&apos;
System info: host: &apos;NODTBSD181AG&apos;, ip: &apos;10.150.241.67&apos;, os.name: &apos;Windows Vista&apos;, os.arch: &apos;x86&apos;, os.version: &apos;6.1&apos;, java.version: &apos;1.6.0&apos;
Session ID: 60d31dfe-0604-4a6a-929a-8a1267e0dba2
Driver info: org.openqa.selenium.firefox.FirefoxDriver
Capabilities [{platform=WINDOWS, acceptSslCerts=true, javascriptEnabled=true, browserName=firefox, rotatable=false, locationContextEnabled=true, version=33.0, cssSelectorsEnabled=true, databaseEnabled=true, handlesAlerts=true, nativeEvents=true, webStorageEnabled=true, applicationCacheEnabled=true, takesScreenshot=true}]
	at org.openqa.selenium.remote.ErrorHandler.createThrowable(ErrorHandler.java:204)
	at org.openqa.selenium.remote.ErrorHandler.throwIfResponseFailed(ErrorHandler.java:156)
	at org.openqa.selenium.remote.RemoteWebDriver.execute(RemoteWebDriver.java:599)
	at org.openqa.selenium.remote.RemoteWebDriver.findElement(RemoteWebDriver.java:352)
	at org.openqa.selenium.remote.RemoteWebDriver.findElementByCssSelector(RemoteWebDriver.java:441)
	at org.openqa.selenium.By$ByCssSelector.findElement(By.java:426)
	at org.openqa.selenium.remote.RemoteWebDriver.findElement(RemoteWebDriver.java:344)
	at hireSideAutomation.SearchResultPage.DeleteJob(Unknown Source)
Caused by: org.openqa.selenium.NoSuchElementException: Unable to locate element: {&quot;method&quot;:&quot;css selector&quot;,&quot;selector&quot;:&quot;#maintab_postJobs &gt; a &gt; b&quot;}
For documentation on this error, please visit: http://seleniumhq.org/exceptions/no_such_element.html
Build info: version: &apos;2.44.0&apos;, revision: &apos;76d78cf&apos;, time: &apos;2014-10-23 20:02:37&apos;
System info: host: &apos;NODTBSD181AG&apos;, ip: &apos;10.150.241.67&apos;, os.name: &apos;Windows Vista&apos;, os.arch: &apos;x86&apos;, os.version: &apos;6.1&apos;, java.version: &apos;1.6.0&apos;
Driver info: driver.version: unknown
	at &lt;anonymous class&gt;.FirefoxDriver.prototype.findElementInternal_(file:///C:/Users/DEEPSH~1/AppData/Local/Temp/anonymous4774webdriver-profile/extensions/fxdriver@googlecode.com/components/driver-component.js:9641:26)
	at &lt;anonymous class&gt;.fxdriver.Timer.prototype.setTimeout/&lt;.notify(file:///C:/Users/DEEPSH~1/AppData/Local/Temp/anonymous4774webdriver-profile/extensions/fxdriver@googlecode.com/components/driver-component.js:548:5)
... Removed 28 stack frames</div></td></tr></table><p class="totop"><a href="#summary">back to summary</a></p><h3 id="m34">hireSideAutomation.SearchResultPage#SavewithOFF</h3><table class="result"><tr><th>Exception</th></tr><tr><td><div class="stacktrace">org.openqa.selenium.NoSuchElementException: Unable to locate element: {&quot;method&quot;:&quot;xpath&quot;,&quot;selector&quot;:&quot;//li[@id=&apos;maintab_searchCand&apos;]//a&quot;}
Command duration or timeout: 30.14 seconds
For documentation on this error, please visit: http://seleniumhq.org/exceptions/no_such_element.html
Build info: version: &apos;2.44.0&apos;, revision: &apos;76d78cf&apos;, time: &apos;2014-10-23 20:02:37&apos;
System info: host: &apos;NODTBSD181AG&apos;, ip: &apos;10.150.241.67&apos;, os.name: &apos;Windows Vista&apos;, os.arch: &apos;x86&apos;, os.version: &apos;6.1&apos;, java.version: &apos;1.6.0&apos;
Session ID: 60d31dfe-0604-4a6a-929a-8a1267e0dba2
Driver info: org.openqa.selenium.firefox.FirefoxDriver
Capabilities [{platform=WINDOWS, acceptSslCerts=true, javascriptEnabled=true, browserName=firefox, rotatable=false, locationContextEnabled=true, version=33.0, cssSelectorsEnabled=true, databaseEnabled=true, handlesAlerts=true, nativeEvents=true, webStorageEnabled=true, applicationCacheEnabled=true, takesScreenshot=true}]
	at org.openqa.selenium.remote.ErrorHandler.createThrowable(ErrorHandler.java:204)
	at org.openqa.selenium.remote.ErrorHandler.throwIfResponseFailed(ErrorHandler.java:156)
	at org.openqa.selenium.remote.RemoteWebDriver.execute(RemoteWebDriver.java:599)
	at org.openqa.selenium.remote.RemoteWebDriver.findElement(RemoteWebDriver.java:352)
	at org.openqa.selenium.remote.RemoteWebDriver.findElementByXPath(RemoteWebDriver.java:449)
	at org.openqa.selenium.By$ByXPath.findElement(By.java:357)
	at org.openqa.selenium.remote.RemoteWebDriver.findElement(RemoteWebDriver.java:344)
	at hireSideAutomation.hireBaseFunctions.Search(Unknown Source)
	at hireSideAutomation.SearchResultPage.SavewithOFF(Unknown Source)
Caused by: org.openqa.selenium.NoSuchElementException: Unable to locate element: {&quot;method&quot;:&quot;xpath&quot;,&quot;selector&quot;:&quot;//li[@id=&apos;maintab_searchCand&apos;]//a&quot;}
For documentation on this error, please visit: http://seleniumhq.org/exceptions/no_such_element.html
Build info: version: &apos;2.44.0&apos;, revision: &apos;76d78cf&apos;, time: &apos;2014-10-23 20:02:37&apos;
System info: host: &apos;NODTBSD181AG&apos;, ip: &apos;10.150.241.67&apos;, os.name: &apos;Windows Vista&apos;, os.arch: &apos;x86&apos;, os.version: &apos;6.1&apos;, java.version: &apos;1.6.0&apos;
Driver info: driver.version: unknown
	at &lt;anonymous class&gt;.FirefoxDriver.prototype.findElementInternal_(file:///C:/Users/DEEPSH~1/AppData/Local/Temp/anonymous4774webdriver-profile/extensions/fxdriver@googlecode.com/components/driver-component.js:9641:26)
	at &lt;anonymous class&gt;.fxdriver.Timer.prototype.setTimeout/&lt;.notify(file:///C:/Users/DEEPSH~1/AppData/Local/Temp/anonymous4774webdriver-profile/extensions/fxdriver@googlecode.com/components/driver-component.js:548:5)
... Removed 28 stack frames</div></td></tr></table><p class="totop"><a href="#summary">back to summary</a></p><h3 id="m35">hireSideAutomation.SearchResultPage#SavewithON</h3><table class="result"><tr><th>Exception</th></tr><tr><td><div class="stacktrace">org.openqa.selenium.NoSuchElementException: Unable to locate element: {&quot;method&quot;:&quot;xpath&quot;,&quot;selector&quot;:&quot;//li[@id=&apos;maintab_searchCand&apos;]//a&quot;}
Command duration or timeout: 30.08 seconds
For documentation on this error, please visit: http://seleniumhq.org/exceptions/no_such_element.html
Build info: version: &apos;2.44.0&apos;, revision: &apos;76d78cf&apos;, time: &apos;2014-10-23 20:02:37&apos;
System info: host: &apos;NODTBSD181AG&apos;, ip: &apos;10.150.241.67&apos;, os.name: &apos;Windows Vista&apos;, os.arch: &apos;x86&apos;, os.version: &apos;6.1&apos;, java.version: &apos;1.6.0&apos;
Session ID: 60d31dfe-0604-4a6a-929a-8a1267e0dba2
Driver info: org.openqa.selenium.firefox.FirefoxDriver
Capabilities [{platform=WINDOWS, acceptSslCerts=true, javascriptEnabled=true, browserName=firefox, rotatable=false, locationContextEnabled=true, version=33.0, cssSelectorsEnabled=true, databaseEnabled=true, handlesAlerts=true, nativeEvents=true, webStorageEnabled=true, applicationCacheEnabled=true, takesScreenshot=true}]
	at org.openqa.selenium.remote.ErrorHandler.createThrowable(ErrorHandler.java:204)
	at org.openqa.selenium.remote.ErrorHandler.throwIfResponseFailed(ErrorHandler.java:156)
	at org.openqa.selenium.remote.RemoteWebDriver.execute(RemoteWebDriver.java:599)
	at org.openqa.selenium.remote.RemoteWebDriver.findElement(RemoteWebDriver.java:352)
	at org.openqa.selenium.remote.RemoteWebDriver.findElementByXPath(RemoteWebDriver.java:449)
	at org.openqa.selenium.By$ByXPath.findElement(By.java:357)
	at org.openqa.selenium.remote.RemoteWebDriver.findElement(RemoteWebDriver.java:344)
	at hireSideAutomation.hireBaseFunctions.Search(Unknown Source)
	at hireSideAutomation.SearchResultPage.SavewithON(Unknown Source)
Caused by: org.openqa.selenium.NoSuchElementException: Unable to locate element: {&quot;method&quot;:&quot;xpath&quot;,&quot;selector&quot;:&quot;//li[@id=&apos;maintab_searchCand&apos;]//a&quot;}
For documentation on this error, please visit: http://seleniumhq.org/exceptions/no_such_element.html
Build info: version: &apos;2.44.0&apos;, revision: &apos;76d78cf&apos;, time: &apos;2014-10-23 20:02:37&apos;
System info: host: &apos;NODTBSD181AG&apos;, ip: &apos;10.150.241.67&apos;, os.name: &apos;Windows Vista&apos;, os.arch: &apos;x86&apos;, os.version: &apos;6.1&apos;, java.version: &apos;1.6.0&apos;
Driver info: driver.version: unknown
	at &lt;anonymous class&gt;.FirefoxDriver.prototype.findElementInternal_(file:///C:/Users/DEEPSH~1/AppData/Local/Temp/anonymous4774webdriver-profile/extensions/fxdriver@googlecode.com/components/driver-component.js:9641:26)
	at &lt;anonymous class&gt;.fxdriver.Timer.prototype.setTimeout/&lt;.notify(file:///C:/Users/DEEPSH~1/AppData/Local/Temp/anonymous4774webdriver-profile/extensions/fxdriver@googlecode.com/components/driver-component.js:548:5)
... Removed 28 stack frames</div></td></tr></table><p class="totop"><a href="#summary">back to summary</a></p><h3 id="m36">hireSideAutomation.SearchResultPage#SendEmail</h3><table class="result"><tr><th>Exception</th></tr><tr><td><div class="stacktrace">org.openqa.selenium.NoSuchElementException: Unable to locate element: {&quot;method&quot;:&quot;xpath&quot;,&quot;selector&quot;:&quot;//input[@class=&apos;submit_btn2&apos; and @name=&apos;cancel&apos;]&quot;}
Command duration or timeout: 30.11 seconds
For documentation on this error, please visit: http://seleniumhq.org/exceptions/no_such_element.html
Build info: version: &apos;2.44.0&apos;, revision: &apos;76d78cf&apos;, time: &apos;2014-10-23 20:02:37&apos;
System info: host: &apos;NODTBSD181AG&apos;, ip: &apos;10.150.241.67&apos;, os.name: &apos;Windows Vista&apos;, os.arch: &apos;x86&apos;, os.version: &apos;6.1&apos;, java.version: &apos;1.6.0&apos;
Session ID: 60d31dfe-0604-4a6a-929a-8a1267e0dba2
Driver info: org.openqa.selenium.firefox.FirefoxDriver
Capabilities [{platform=WINDOWS, acceptSslCerts=true, javascriptEnabled=true, browserName=firefox, rotatable=false, locationContextEnabled=true, version=33.0, cssSelectorsEnabled=true, databaseEnabled=true, handlesAlerts=true, nativeEvents=true, webStorageEnabled=true, applicationCacheEnabled=true, takesScreenshot=true}]
	at org.openqa.selenium.remote.ErrorHandler.createThrowable(ErrorHandler.java:204)
	at org.openqa.selenium.remote.ErrorHandler.throwIfResponseFailed(ErrorHandler.java:156)
	at org.openqa.selenium.remote.RemoteWebDriver.execute(RemoteWebDriver.java:599)
	at org.openqa.selenium.remote.RemoteWebDriver.findElement(RemoteWebDriver.java:352)
	at org.openqa.selenium.remote.RemoteWebDriver.findElementByXPath(RemoteWebDriver.java:449)
	at org.openqa.selenium.By$ByXPath.findElement(By.java:357)
	at org.openqa.selenium.remote.RemoteWebDriver.findElement(RemoteWebDriver.java:344)
	at hireSideAutomation.SearchResultPage.SendEmail(Unknown Source)
Caused by: org.openqa.selenium.NoSuchElementException: Unable to locate element: {&quot;method&quot;:&quot;xpath&quot;,&quot;selector&quot;:&quot;//input[@class=&apos;submit_btn2&apos; and @name=&apos;cancel&apos;]&quot;}
For documentation on this error, please visit: http://seleniumhq.org/exceptions/no_such_element.html
Build info: version: &apos;2.44.0&apos;, revision: &apos;76d78cf&apos;, time: &apos;2014-10-23 20:02:37&apos;
System info: host: &apos;NODTBSD181AG&apos;, ip: &apos;10.150.241.67&apos;, os.name: &apos;Windows Vista&apos;, os.arch: &apos;x86&apos;, os.version: &apos;6.1&apos;, java.version: &apos;1.6.0&apos;
Driver info: driver.version: unknown
	at &lt;anonymous class&gt;.FirefoxDriver.prototype.findElementInternal_(file:///C:/Users/DEEPSH~1/AppData/Local/Temp/anonymous4774webdriver-profile/extensions/fxdriver@googlecode.com/components/driver-component.js:9641:26)
	at &lt;anonymous class&gt;.fxdriver.Timer.prototype.setTimeout/&lt;.notify(file:///C:/Users/DEEPSH~1/AppData/Local/Temp/anonymous4774webdriver-profile/extensions/fxdriver@googlecode.com/components/driver-component.js:548:5)
... Removed 28 stack frames</div></td></tr></table><p class="totop"><a href="#summary">back to summary</a></p><h3 id="m37">hireSideAutomation.SearchResultPage#Shortlist</h3><table class="result"><tr><th>Exception</th></tr><tr><td><div class="stacktrace">org.openqa.selenium.NoSuchElementException: Unable to locate element: {&quot;method&quot;:&quot;xpath&quot;,&quot;selector&quot;:&quot;//li[@id=&apos;maintab_searchCand&apos;]//a&quot;}
Command duration or timeout: 30.08 seconds
For documentation on this error, please visit: http://seleniumhq.org/exceptions/no_such_element.html
Build info: version: &apos;2.44.0&apos;, revision: &apos;76d78cf&apos;, time: &apos;2014-10-23 20:02:37&apos;
System info: host: &apos;NODTBSD181AG&apos;, ip: &apos;10.150.241.67&apos;, os.name: &apos;Windows Vista&apos;, os.arch: &apos;x86&apos;, os.version: &apos;6.1&apos;, java.version: &apos;1.6.0&apos;
Session ID: 60d31dfe-0604-4a6a-929a-8a1267e0dba2
Driver info: org.openqa.selenium.firefox.FirefoxDriver
Capabilities [{platform=WINDOWS, acceptSslCerts=true, javascriptEnabled=true, browserName=firefox, rotatable=false, locationContextEnabled=true, version=33.0, cssSelectorsEnabled=true, databaseEnabled=true, handlesAlerts=true, nativeEvents=true, webStorageEnabled=true, applicationCacheEnabled=true, takesScreenshot=true}]
	at org.openqa.selenium.remote.ErrorHandler.createThrowable(ErrorHandler.java:204)
	at org.openqa.selenium.remote.ErrorHandler.throwIfResponseFailed(ErrorHandler.java:156)
	at org.openqa.selenium.remote.RemoteWebDriver.execute(RemoteWebDriver.java:599)
	at org.openqa.selenium.remote.RemoteWebDriver.findElement(RemoteWebDriver.java:352)
	at org.openqa.selenium.remote.RemoteWebDriver.findElementByXPath(RemoteWebDriver.java:449)
	at org.openqa.selenium.By$ByXPath.findElement(By.java:357)
	at org.openqa.selenium.remote.RemoteWebDriver.findElement(RemoteWebDriver.java:344)
	at hireSideAutomation.hireBaseFunctions.Search(Unknown Source)
	at hireSideAutomation.SearchResultPage.Shortlist(Unknown Source)
Caused by: org.openqa.selenium.NoSuchElementException: Unable to locate element: {&quot;method&quot;:&quot;xpath&quot;,&quot;selector&quot;:&quot;//li[@id=&apos;maintab_searchCand&apos;]//a&quot;}
For documentation on this error, please visit: http://seleniumhq.org/exceptions/no_such_element.html
Build info: version: &apos;2.44.0&apos;, revision: &apos;76d78cf&apos;, time: &apos;2014-10-23 20:02:37&apos;
System info: host: &apos;NODTBSD181AG&apos;, ip: &apos;10.150.241.67&apos;, os.name: &apos;Windows Vista&apos;, os.arch: &apos;x86&apos;, os.version: &apos;6.1&apos;, java.version: &apos;1.6.0&apos;
Driver info: driver.version: unknown
	at &lt;anonymous class&gt;.FirefoxDriver.prototype.findElementInternal_(file:///C:/Users/DEEPSH~1/AppData/Local/Temp/anonymous4774webdriver-profile/extensions/fxdriver@googlecode.com/components/driver-component.js:9641:26)
	at &lt;anonymous class&gt;.fxdriver.Timer.prototype.setTimeout/&lt;.notify(file:///C:/Users/DEEPSH~1/AppData/Local/Temp/anonymous4774webdriver-profile/extensions/fxdriver@googlecode.com/components/driver-component.js:548:5)
... Removed 28 stack frames</div></td></tr></table><p class="totop"><a href="#summary">back to summary</a></p><h3 id="m38">hireSideAutomation.SearchResultPage#viewResume</h3><table class="result"><tr><th>Exception</th></tr><tr><td><div class="stacktrace">org.openqa.selenium.NoSuchElementException: Unable to locate element: {&quot;method&quot;:&quot;xpath&quot;,&quot;selector&quot;:&quot;//li[@id=&apos;maintab_searchCand&apos;]//a&quot;}
Command duration or timeout: 30.03 seconds
For documentation on this error, please visit: http://seleniumhq.org/exceptions/no_such_element.html
Build info: version: &apos;2.44.0&apos;, revision: &apos;76d78cf&apos;, time: &apos;2014-10-23 20:02:37&apos;
System info: host: &apos;NODTBSD181AG&apos;, ip: &apos;10.150.241.67&apos;, os.name: &apos;Windows Vista&apos;, os.arch: &apos;x86&apos;, os.version: &apos;6.1&apos;, java.version: &apos;1.6.0&apos;
Session ID: 60d31dfe-0604-4a6a-929a-8a1267e0dba2
Driver info: org.openqa.selenium.firefox.FirefoxDriver
Capabilities [{platform=WINDOWS, acceptSslCerts=true, javascriptEnabled=true, browserName=firefox, rotatable=false, locationContextEnabled=true, version=33.0, cssSelectorsEnabled=true, databaseEnabled=true, handlesAlerts=true, nativeEvents=true, webStorageEnabled=true, applicationCacheEnabled=true, takesScreenshot=true}]
	at org.openqa.selenium.remote.ErrorHandler.createThrowable(ErrorHandler.java:204)
	at org.openqa.selenium.remote.ErrorHandler.throwIfResponseFailed(ErrorHandler.java:156)
	at org.openqa.selenium.remote.RemoteWebDriver.execute(RemoteWebDriver.java:599)
	at org.openqa.selenium.remote.RemoteWebDriver.findElement(RemoteWebDriver.java:352)
	at org.openqa.selenium.remote.RemoteWebDriver.findElementByXPath(RemoteWebDriver.java:449)
	at org.openqa.selenium.By$ByXPath.findElement(By.java:357)
	at org.openqa.selenium.remote.RemoteWebDriver.findElement(RemoteWebDriver.java:344)
	at hireSideAutomation.hireBaseFunctions.Search(Unknown Source)
	at hireSideAutomation.SearchResultPage.viewResume(Unknown Source)
Caused by: org.openqa.selenium.NoSuchElementException: Unable to locate element: {&quot;method&quot;:&quot;xpath&quot;,&quot;selector&quot;:&quot;//li[@id=&apos;maintab_searchCand&apos;]//a&quot;}
For documentation on this error, please visit: http://seleniumhq.org/exceptions/no_such_element.html
Build info: version: &apos;2.44.0&apos;, revision: &apos;76d78cf&apos;, time: &apos;2014-10-23 20:02:37&apos;
System info: host: &apos;NODTBSD181AG&apos;, ip: &apos;10.150.241.67&apos;, os.name: &apos;Windows Vista&apos;, os.arch: &apos;x86&apos;, os.version: &apos;6.1&apos;, java.version: &apos;1.6.0&apos;
Driver info: driver.version: unknown
	at &lt;anonymous class&gt;.FirefoxDriver.prototype.findElementInternal_(file:///C:/Users/DEEPSH~1/AppData/Local/Temp/anonymous4774webdriver-profile/extensions/fxdriver@googlecode.com/components/driver-component.js:9641:26)
	at &lt;anonymous class&gt;.fxdriver.Timer.prototype.setTimeout/&lt;.notify(file:///C:/Users/DEEPSH~1/AppData/Local/Temp/anonymous4774webdriver-profile/extensions/fxdriver@googlecode.com/components/driver-component.js:548:5)
... Removed 28 stack frames</div></td></tr></table><p class="totop"><a href="#summary">back to summary</a></p><h3 id="m39">hireSideAutomation.SearchResultPage#SendJobasEmail</h3><table class="result"></table><p class="totop"><a href="#summary">back to summary</a></p></body></html>